<?xml version="1.0" encoding="UTF-8"?>
<!-- Generated by org.testng.reporters.JUnitXMLReporter -->
<testsuite ignored="8" hostname="DESKTOP-5U0IUST" failures="0" tests="3" name="Test" time="97.704" errors="0" timestamp="2026-04-19T18:23:31 IST">
  <testcase classname="com.crm.ClientManagementSystem.Organization.update" name="Create" time="42.516"/>
  <testcase classname="com.crm.ClientManagementSystem.Organization.delete" name="Create" time="14.577"/>
  <testcase classname="com.crm.ClientManagementSystem.Organization.modify" name="Create" time="15.318"/>
  <testcase classname="com.crm.ClientManagementSystem.GenericLibrary.BaseClass" name="@AfterSuite disconnectedWithDatabase" time="0.0">
    <ignored/>
  </testcase> <!-- @AfterSuite disconnectedWithDatabase -->
  <testcase classname="com.crm.ClientManagementSystem.GenericLibrary.BaseClass" name="@AfterSuite disconnectedWithDatabase" time="0.0">
    <ignored/>
  </testcase> <!-- @AfterSuite disconnectedWithDatabase -->
  <testcase classname="com.crm.ClientManagementSystem.GenericLibrary.BaseClass" name="@BeforeTest launchBrowser" time="0.0">
    <ignored/>
  </testcase> <!-- @BeforeTest launchBrowser -->
  <testcase classname="com.crm.ClientManagementSystem.GenericLibrary.BaseClass" name="@BeforeTest launchBrowser" time="0.0">
    <ignored/>
  </testcase> <!-- @BeforeTest launchBrowser -->
  <testcase classname="com.crm.ClientManagementSystem.GenericLibrary.BaseClass" name="@AfterTest closeBrowser" time="0.0">
    <ignored/>
  </testcase> <!-- @AfterTest closeBrowser -->
  <testcase classname="com.crm.ClientManagementSystem.GenericLibrary.BaseClass" name="@AfterTest closeBrowser" time="0.0">
    <ignored/>
  </testcase> <!-- @AfterTest closeBrowser -->
  <testcase classname="com.crm.ClientManagementSystem.GenericLibrary.BaseClass" name="@BeforeSuite connectingwithdatabase" time="0.0">
    <ignored/>
  </testcase> <!-- @BeforeSuite connectingwithdatabase -->
  <testcase classname="com.crm.ClientManagementSystem.GenericLibrary.BaseClass" name="@BeforeSuite connectingwithdatabase" time="0.0">
    <ignored/>
  </testcase> <!-- @BeforeSuite connectingwithdatabase -->
</testsuite> <!-- Test -->
