<?xml version="1.0" encoding="UTF-8"?>
<!-- Generated by org.testng.reporters.JUnitReportReporter -->
<testsuite hostname="DESKTOP-5U0IUST" failures="0" tests="1" name="com.crm.ClientManagementSystem.Organization.ContactlesscodeTest" time="36.946" errors="0" timestamp="2026-04-22T06:22:04 IST" skipped="0">
  <testcase classname="com.crm.ClientManagementSystem.Organization.ContactlesscodeTest" name="create_new" time="36.946"/>
  <system-out>
    <![CDATA[database connected
launch the Browser sucessfully
logged in sucessfully
logged out sucessfully
close the browser sucessfully
database is disconnected sucessfully]]>
  </system-out>
</testsuite> <!-- com.crm.ClientManagementSystem.Organization.ContactlesscodeTest -->
