<?xml version="1.0" encoding="UTF-8"?>
<!-- Generated by org.testng.reporters.JUnitReportReporter -->
<testsuite hostname="DESKTOP-5U0IUST" failures="0" tests="1" name="com.crm.ClientManagementSystem.Organization.Create_new_less_code" time="16.509" errors="0" timestamp="2026-04-18T17:53:39 IST" skipped="0">
  <testcase classname="com.crm.ClientManagementSystem.Organization.Create_new_less_code" name="Create" time="16.509"/>
  <system-out>
    <![CDATA[database connected
launch the Browser sucessfully
logged in sucessfully
logged out sucessfully
close the browser sucessfully
database is disconnected sucessfully]]>
  </system-out>
</testsuite> <!-- com.crm.ClientManagementSystem.Organization.Create_new_less_code -->
