<?xml version="1.0" encoding="UTF-8"?>
<!-- Generated by org.testng.reporters.JUnitReportReporter -->
<testsuite hostname="DESKTOP-5U0IUST" failures="0" tests="1" name="com.crm.ClientManagementSystem.Organization.ContactDetails_less_code" time="44.841" errors="0" timestamp="2026-04-20T11:02:15 IST" skipped="0">
  <testcase classname="com.crm.ClientManagementSystem.Organization.ContactDetails_less_code" name="create_new" time="44.841"/>
  <system-out>
    <![CDATA[database connected
launch the Browser sucessfully
logged in sucessfully
logged out sucessfully
close the browser sucessfully
database is disconnected sucessfully]]>
  </system-out>
</testsuite> <!-- com.crm.ClientManagementSystem.Organization.ContactDetails_less_code -->
