<?xml version="1.0" encoding="UTF-8"?>
<!-- Generated by org.testng.reporters.JUnitReportReporter -->
<testsuite hostname="DESKTOP-5U0IUST" failures="0" tests="1" name="com.crm.ClientManagementSystem.Organization.Create_new_less_codeTest" time="17.751" errors="0" timestamp="2026-04-21T14:41:31 IST" skipped="0">
  <testcase classname="com.crm.ClientManagementSystem.Organization.Create_new_less_codeTest" name="Create" time="17.751"/>
  <system-out>
    <![CDATA[database connected
launch the Browser sucessfully
logged in sucessfully
logged out sucessfully
close the browser sucessfully
database is disconnected sucessfully]]>
  </system-out>
</testsuite> <!-- com.crm.ClientManagementSystem.Organization.Create_new_less_codeTest -->
