<?xml version="1.0" encoding="UTF-8"?>
<!-- Generated by org.testng.reporters.JUnitReportReporter -->
<testsuite hostname="DESKTOP-5U0IUST" failures="0" tests="1" name="com.crm.ClientManagementSystem.Organization.practiceTest" time="9.303" errors="0" timestamp="2026-04-21T14:42:54 IST" skipped="0">
  <testcase classname="com.crm.ClientManagementSystem.Organization.practiceTest" name="practice" time="9.303"/>
  <system-out>
    <![CDATA[database connected
launch the Browser sucessfully
logged in sucessfully
logged out sucessfully
close the browser sucessfully
database is disconnected sucessfully]]>
  </system-out>
</testsuite> <!-- com.crm.ClientManagementSystem.Organization.practiceTest -->
